0 info it worked if it ends with ok
1 verbose cli [ '/usr/local/bin/node', '/usr/local/bin/npm', 'run', 'start' ]
2 info using npm@3.3.12
3 info using node@v5.3.0
4 verbose run-script [ 'prestart', 'start', 'poststart' ]
5 info lifecycle api-evaluation@1.0.0~prestart: api-evaluation@1.0.0
6 silly lifecycle api-evaluation@1.0.0~prestart: no script for prestart, continuing
7 info lifecycle api-evaluation@1.0.0~start: api-evaluation@1.0.0
8 verbose lifecycle api-evaluation@1.0.0~start: unsafe-perm in lifecycle true
9 verbose lifecycle api-evaluation@1.0.0~start: PATH: /usr/local/lib/node_modules/npm/bin/node-gyp-bin:/Users/rose/Desktop/dev/examensarbete/api-evaluation/node_modules/.bin:/Applications/mongodb/bin:/usr/local/bin:/usr/bin:/bin:/usr/sbin:/sbin
10 verbose lifecycle api-evaluation@1.0.0~start: CWD: /Users/rose/Desktop/dev/examensarbete/api-evaluation
11 silly lifecycle api-evaluation@1.0.0~start: Args: [ '-c', 'node expressServer.js' ]
12 silly lifecycle api-evaluation@1.0.0~start: Returned: code: 1  signal: null
13 info lifecycle api-evaluation@1.0.0~start: Failed to exec start script
14 verbose stack Error: api-evaluation@1.0.0 start: `node expressServer.js`
14 verbose stack Exit status 1
14 verbose stack     at EventEmitter.<anonymous> (/usr/local/lib/node_modules/npm/lib/utils/lifecycle.js:232:16)
14 verbose stack     at emitTwo (events.js:87:13)
14 verbose stack     at EventEmitter.emit (events.js:172:7)
14 verbose stack     at ChildProcess.<anonymous> (/usr/local/lib/node_modules/npm/lib/utils/spawn.js:24:14)
14 verbose stack     at emitTwo (events.js:87:13)
14 verbose stack     at ChildProcess.emit (events.js:172:7)
14 verbose stack     at maybeClose (internal/child_process.js:818:16)
14 verbose stack     at Process.ChildProcess._handle.onexit (internal/child_process.js:211:5)
15 verbose pkgid api-evaluation@1.0.0
16 verbose cwd /Users/rose/Desktop/dev/examensarbete/api-evaluation
17 error Darwin 15.6.0
18 error argv "/usr/local/bin/node" "/usr/local/bin/npm" "run" "start"
19 error node v5.3.0
20 error npm  v3.3.12
21 error code ELIFECYCLE
22 error api-evaluation@1.0.0 start: `node expressServer.js`
22 error Exit status 1
23 error Failed at the api-evaluation@1.0.0 start script 'node expressServer.js'.
23 error Make sure you have the latest version of node.js and npm installed.
23 error If you do, this is most likely a problem with the api-evaluation package,
23 error not with npm itself.
23 error Tell the author that this fails on your system:
23 error     node expressServer.js
23 error You can get their info via:
23 error     npm owner ls api-evaluation
23 error There is likely additional logging output above.
24 verbose exit [ 1, true ]
